join.html
join.html
창덕궁·종묘,0
광화문·덕수궁,3
신림역,3
광화문·덕수궁,1
구로디지털단지역,0
서울역,0
구로디지털단지역,2
종로·청계 관광특구,0
구로디지털단지역,2
         min    max  time  day
4235   40000  42000    12    1
12635   9000   9500    12    1
21035  40000  42000    12    1
29435  40000  42000    12    1
37837  42000  44000    12    1
4235     41000
12635     9250
21035    41000
29435    41000
37837    43000
Name: population, dtype: int32
구로디지털단지역,1
         min    max  time  day
4235   40000  42000    12    1
12635   9000   9500    12    1
21035  40000  42000    12    1
29435  40000  42000    12    1
37837  42000  44000    12    1
4235     41000
12635     9250
21035    41000
29435    41000
37837    43000
Name: population, dtype: int32
구로디지털단지역,2
Empty DataFrame
Columns: [min, max, time, day]
Index: []
Series([], Name: population, dtype: int32)
Empty DataFrame
Columns: [min, max, time, day]
Index: []
Series([], Name: population, dtype: int32)
Empty DataFrame
Columns: [min, max, time, day]
Index: []
Series([], Name: population, dtype: int32)
Empty DataFrame
Columns: [min, max, time, day]
Index: []
Series([], Name: population, dtype: int32)
Empty DataFrame
Columns: [min, max, time, day]
Index: []
Series([], Name: population, dtype: int32)
Empty DataFrame
Columns: [min, max, time, day]
Index: []
Series([], Name: population, dtype: int32)
Empty DataFrame
Columns: [min, max, time, day]
Index: []
Series([], Name: population, dtype: int32)
Empty DataFrame
Columns: [min, max, time, day]
Index: []
Series([], Name: population, dtype: int32)
Empty DataFrame
Columns: [min, max, time, day]
Index: []
Series([], Name: population, dtype: int32)
신림역,1
12999
21000
       min  max  time  day
3634   200  300     0    1
3684   200  300     1    1
3734   200  300     2    1
3784   200  300     3    1
3834   200  300     4    1
...    ...  ...   ...  ...
38180  200  300    19    1
38231  200  300    20    1
38282  200  300    21    1
38331  200  300    22    1
38383  200  300    23    1

[120 rows x 4 columns]
3634     250
3684     250
3734     250
3784     250
3834     250
        ... 
38180    250
38231    250
38282    250
38331    250
38383    250
Name: population, Length: 120, dtype: int32
249
[      place    min    max  time  day  population
6047    신림역   9500  10000     0    3        9750
14447   신림역   9500  10000     0    3        9750
22846   신림역  12000  14000     0    3       13000
31247   신림역   9500  10000     0    3        9750
39647   신림역   9500  10000     0    3        9750,       place    min    max  time  day  population
6096    신림역   9000   9500     1    3        9250
14496   신림역   9000   9500     1    3        9250
22896   신림역  10000  12000     1    3       11000
31296   신림역   9000   9500     1    3        9250
39696   신림역   9000   9500     1    3        9250,       place    min    max  time  day  population
6146    신림역   9000   9500     2    3        9250
14546   신림역   9000   9500     2    3        9250
22946   신림역  10000  12000     2    3       11000
31346   신림역   9000   9500     2    3        9250
39746   신림역   8500   9000     2    3        8750,       place   min    max  time  day  population
6196    신림역  8000   8500     3    3        8250
14596   신림역  8000   8500     3    3        8250
22997   신림역  9500  10000     3    3        9750
31396   신림역  8000   8500     3    3        8250
39796   신림역  8000   8500     3    3        8250,       place   min   max  time  day  population
6247    신림역  7500  8000     4    3        7750
14647   신림역  7500  8000     4    3        7750
23047   신림역  9000  9500     4    3        9250
31447   신림역  7500  8000     4    3        7750
39846   신림역  7000  7500     4    3        7250,       place   min   max  time  day  population
6296    신림역  7000  7500     5    3        7250
14696   신림역  7000  7500     5    3        7250
23096   신림역  7500  8000     5    3        7750
31496   신림역  7000  7500     5    3        7250
39896   신림역  7000  7500     5    3        7250,       place   min   max  time  day  population
6348    신림역  8000  8500     6    3        8250
14748   신림역  8000  8500     6    3        8250
23146   신림역  7500  8000     6    3        7750
31548   신림역  8000  8500     6    3        8250
39945   신림역  7000  7500     6    3        7250,       place   min    max  time  day  population
6399    신림역  9500  10000     7    3        9750
14799   신림역  9500  10000     7    3        9750
23196   신림역  7000   7500     7    3        7250
31599   신림역  9500  10000     7    3        9750
39995   신림역  9000   9500     7    3        9250,       place    min    max  time  day  population
6448    신림역  12000  14000     8    3       13000
14848   신림역  12000  14000     8    3       13000
23248   신림역   7500   8000     8    3        7750
31648   신림역  12000  14000     8    3       13000
40046   신림역  12000  14000     8    3       13000,       place    min    max  time  day  population
6496    신림역  10000  12000     9    3       11000
14896   신림역  10000  12000     9    3       11000
23296   신림역   9500  10000     9    3        9750
31696   신림역  10000  12000     9    3       11000
40096   신림역  10000  12000     9    3       11000,       place    min    max  time  day  population
6547    신림역  10000  12000    10    3       11000
14947   신림역  10000  12000    10    3       11000
23347   신림역  10000  12000    10    3       11000
31747   신림역  10000  12000    10    3       11000,       place    min    max  time  day  population
6596    신림역  10000  12000    11    3       11000
14996   신림역  10000  12000    11    3       11000
23396   신림역  12000  14000    11    3       13000
31796   신림역  10000  12000    11    3       11000,       place    min    max  time  day  population
6647    신림역  10000  12000    12    3       11000
15047   신림역  10000  12000    12    3       11000
23446   신림역  12000  14000    12    3       13000
31847   신림역  10000  12000    12    3       11000,       place    min    max  time  day  population
6697    신림역  10000  12000    13    3       11000
15097   신림역  10000  12000    13    3       11000
23496   신림역  14000  16000    13    3       15000
31897   신림역  10000  12000    13    3       11000,       place    min    max  time  day  population
6746    신림역  10000  12000    14    3       11000
15146   신림역  10000  12000    14    3       11000
23549   신림역  14000  16000    14    3       15000
31946   신림역  10000  12000    14    3       11000,       place    min    max  time  day  population
6796    신림역  12000  14000    15    3       13000
15196   신림역  12000  14000    15    3       13000
23598   신림역  16000  18000    15    3       17000
31996   신림역  12000  14000    15    3       13000,       place    min    max  time  day  population
6848    신림역  12000  14000    16    3       13000
15248   신림역  12000  14000    16    3       13000
23647   신림역  16000  18000    16    3       17000
32048   신림역  12000  14000    16    3       13000,       place    min    max  time  day  population
6896    신림역  12000  14000    17    3       13000
15296   신림역  12000  14000    17    3       13000
23698   신림역  16000  18000    17    3       17000
32096   신림역  12000  14000    17    3       13000,       place    min    max  time  day  population
6948    신림역  16000  18000    18    3       17000
15348   신림역  16000  18000    18    3       17000
23746   신림역  16000  18000    18    3       17000
32148   신림역  16000  18000    18    3       17000,       place    min    max  time  day  population
6996    신림역  16000  18000    19    3       17000
15396   신림역  16000  18000    19    3       17000
23798   신림역  18000  20000    19    3       19000
32196   신림역  16000  18000    19    3       17000,       place    min    max  time  day  population
7048    신림역  16000  18000    20    3       17000
15448   신림역  16000  18000    20    3       17000
23843   신림역  18000  20000    20    3       19000
32248   신림역  16000  18000    20    3       17000,       place    min    max  time  day  population
7097    신림역  14000  16000    21    3       15000
15497   신림역  14000  16000    21    3       15000
23896   신림역  18000  20000    21    3       19000
32297   신림역  14000  16000    21    3       15000,       place    min    max  time  day  population
7148    신림역  14000  16000    22    3       15000
15548   신림역  14000  16000    22    3       15000
23948   신림역  16000  18000    22    3       17000
32348   신림역  14000  16000    22    3       15000,       place    min    max  time  day  population
7197    신림역  12000  14000    23    3       13000
15597   신림역  12000  14000    23    3       13000
23999   신림역  14000  16000    23    3       15000
32397   신림역  12000  14000    23    3       13000]
         min    max  time  day
6047    9500  10000     0    3
6096    9000   9500     1    3
6146    9000   9500     2    3
6196    8000   8500     3    3
6247    7500   8000     4    3
...      ...    ...   ...  ...
39896   7000   7500     5    3
39945   7000   7500     6    3
39995   9000   9500     7    3
40046  12000  14000     8    3
40096  10000  12000     9    3

[106 rows x 4 columns]
6047      9750
6096      9250
6146      9250
6196      8250
6247      7750
         ...  
39896     7250
39945     7250
39995     9250
40046    13000
40096    11000
Name: population, Length: 106, dtype: int32
12999
[          place   min   max  time  day  population
4815   이태원 관광특구  3500  4000     0    2        3750
13215  이태원 관광특구  6000  6500     0    2        6250
21615  이태원 관광특구  3500  4000     0    2        3750
30015  이태원 관광특구  3500  4000     0    2        3750
38414  이태원 관광특구  3500  4000     0    2        3750]
[          place   min   max  time  day  population
4815   이태원 관광특구  3500  4000     0    2        3750
13215  이태원 관광특구  6000  6500     0    2        6250
21615  이태원 관광특구  3500  4000     0    2        3750
30015  이태원 관광특구  3500  4000     0    2        3750
38414  이태원 관광특구  3500  4000     0    2        3750,         min   max  time  day
4865   3500  4000     1    2
13265  5500  6000     1    2
21665  3500  4000     1    2
30065  3500  4000     1    2
38465  3000  3500     1    2]
[         place   min   max  time  day  population
4809   광화문·덕수궁  3500  4000     0    2        3750
13209  광화문·덕수궁  3500  4000     0    2        3750
21609  광화문·덕수궁  3500  4000     0    2        3750
30009  광화문·덕수궁  3500  4000     0    2        3750
38410  광화문·덕수궁  3500  4000     0    2        3750]
[         place   min   max  time  day  population
4809   광화문·덕수궁  3500  4000     0    2        3750
13209  광화문·덕수궁  3500  4000     0    2        3750
21609  광화문·덕수궁  3500  4000     0    2        3750
30009  광화문·덕수궁  3500  4000     0    2        3750
38410  광화문·덕수궁  3500  4000     0    2        3750,         min   max  time  day
4857   3000  3500     1    2
13260  3000  3500     1    2
21657  3000  3500     1    2
30057  3000  3500     1    2
38459  3000  3500     1    2]
[       place   min   max  time  day  population
3601   서울숲공원  4000  4500     0    1        4250
12001  서울숲공원  4000  4500     0    1        4250
20401  서울숲공원  4000  4500     0    1        4250
28801  서울숲공원  4000  4500     0    1        4250
37201  서울숲공원  3500  4000     0    1        3750]
[       place   min   max  time  day  population
3601   서울숲공원  4000  4500     0    1        4250
12001  서울숲공원  4000  4500     0    1        4250
20401  서울숲공원  4000  4500     0    1        4250
28801  서울숲공원  4000  4500     0    1        4250
37201  서울숲공원  3500  4000     0    1        3750,         min   max  time  day
3651   3500  4000     1    1
12051  4000  4500     1    1
20451  3500  4000     1    1
28851  3500  4000     1    1
37251  3000  3500     1    1]
{'id': 2664269014, 'connected_at': '2023-02-13T07:19:28Z', 'properties': {'nickname': '안홍갑'}, 'kakao_account': {'profile_nickname_needs_agreement': False, 'profile': {'nickname': '안홍갑'}, 'has_email': True, 'email_needs_agreement': False, 'is_email_valid': True, 'is_email_verified': True, 'email': 'hg3804@naver.com', 'has_age_range': True, 'age_range_needs_agreement': False, 'age_range': '30~39', 'has_birthday': True, 'birthday_needs_agreement': False, 'birthday': '0114', 'birthday_type': 'SOLAR', 'has_gender': True, 'gender_needs_agreement': False, 'gender': 'male'}}
{'id': 2664269014, 'connected_at': '2023-02-13T07:19:28Z', 'properties': {'nickname': '안홍갑'}, 'kakao_account': {'profile_nickname_needs_agreement': False, 'profile': {'nickname': '안홍갑'}, 'has_email': True, 'email_needs_agreement': False, 'is_email_valid': True, 'is_email_verified': True, 'email': 'hg3804@naver.com', 'has_age_range': True, 'age_range_needs_agreement': False, 'age_range': '30~39', 'has_birthday': True, 'birthday_needs_agreement': False, 'birthday': '0114', 'birthday_type': 'SOLAR', 'has_gender': True, 'gender_needs_agreement': False, 'gender': 'male'}}
{'id': 2664269014, 'connected_at': '2023-02-13T07:19:28Z', 'properties': {'nickname': '안홍갑'}, 'kakao_account': {'profile_nickname_needs_agreement': False, 'profile': {'nickname': '안홍갑'}, 'has_email': True, 'email_needs_agreement': False, 'is_email_valid': True, 'is_email_verified': True, 'email': 'hg3804@naver.com', 'has_age_range': True, 'age_range_needs_agreement': False, 'age_range': '30~39', 'has_birthday': True, 'birthday_needs_agreement': False, 'birthday': '0114', 'birthday_type': 'SOLAR', 'has_gender': True, 'gender_needs_agreement': False, 'gender': 'male'}}
{'id': 2664269014, 'connected_at': '2023-02-13T07:19:28Z', 'properties': {'nickname': '안홍갑'}, 'kakao_account': {'profile_nickname_needs_agreement': False, 'profile': {'nickname': '안홍갑'}, 'has_email': True, 'email_needs_agreement': False, 'is_email_valid': True, 'is_email_verified': True, 'email': 'hg3804@naver.com', 'has_age_range': True, 'age_range_needs_agreement': False, 'age_range': '30~39', 'has_birthday': True, 'birthday_needs_agreement': False, 'birthday': '0114', 'birthday_type': 'SOLAR', 'has_gender': True, 'gender_needs_agreement': False, 'gender': 'male'}}
{'id': 2664269014, 'connected_at': '2023-02-13T07:19:28Z', 'properties': {'nickname': '안홍갑'}, 'kakao_account': {'profile_nickname_needs_agreement': False, 'profile': {'nickname': '안홍갑'}, 'has_email': True, 'email_needs_agreement': False, 'is_email_valid': True, 'is_email_verified': True, 'email': 'hg3804@naver.com', 'has_age_range': True, 'age_range_needs_agreement': False, 'age_range': '30~39', 'has_birthday': True, 'birthday_needs_agreement': False, 'birthday': '0114', 'birthday_type': 'SOLAR', 'has_gender': True, 'gender_needs_agreement': False, 'gender': 'male'}}
{'id': 2664269014, 'connected_at': '2023-02-13T07:19:28Z', 'properties': {'nickname': '안홍갑'}, 'kakao_account': {'profile_nickname_needs_agreement': False, 'profile': {'nickname': '안홍갑'}, 'has_email': True, 'email_needs_agreement': False, 'is_email_valid': True, 'is_email_verified': True, 'email': 'hg3804@naver.com', 'has_age_range': True, 'age_range_needs_agreement': False, 'age_range': '30~39', 'has_birthday': True, 'birthday_needs_agreement': False, 'birthday': '0114', 'birthday_type': 'SOLAR', 'has_gender': True, 'gender_needs_agreement': False, 'gender': 'male'}}
{'id': 2664269014, 'connected_at': '2023-02-13T07:19:28Z', 'properties': {'nickname': '안홍갑'}, 'kakao_account': {'profile_nickname_needs_agreement': False, 'profile': {'nickname': '안홍갑'}, 'has_email': True, 'email_needs_agreement': False, 'is_email_valid': True, 'is_email_verified': True, 'email': 'hg3804@naver.com', 'has_age_range': True, 'age_range_needs_agreement': False, 'age_range': '30~39', 'has_birthday': True, 'birthday_needs_agreement': False, 'birthday': '0114', 'birthday_type': 'SOLAR', 'has_gender': True, 'gender_needs_agreement': False, 'gender': 'male'}}
{'id': 2664269014, 'connected_at': '2023-02-13T07:19:28Z', 'properties': {'nickname': '안홍갑'}, 'kakao_account': {'profile_nickname_needs_agreement': False, 'profile': {'nickname': '안홍갑'}, 'has_email': True, 'email_needs_agreement': False, 'is_email_valid': True, 'is_email_verified': True, 'email': 'hg3804@naver.com', 'has_age_range': True, 'age_range_needs_agreement': False, 'age_range': '30~39', 'has_birthday': True, 'birthday_needs_agreement': False, 'birthday': '0114', 'birthday_type': 'SOLAR', 'has_gender': True, 'gender_needs_agreement': False, 'gender': 'male'}}
VDS8lfRy8HznxiAy0V
login
<Response [200]>
AAAANiLdQYq7N908PfXeN-St4BGIaBxnQpoEo7BHa1-0z-TIskmJmQpiI7dbmm4Bq3-KzOlTYCccG6jJfmzBBWKpqT8
{'id': 2664269014, 'connected_at': '2023-02-13T07:19:28Z', 'properties': {'nickname': '안홍갑'}, 'kakao_account': {'profile_nickname_needs_agreement': False, 'profile': {'nickname': '안홍갑'}, 'has_email': True, 'email_needs_agreement': False, 'is_email_valid': True, 'is_email_verified': True, 'email': 'hg3804@naver.com', 'has_age_range': True, 'age_range_needs_agreement': False, 'age_range': '30~39', 'has_birthday': True, 'birthday_needs_agreement': False, 'birthday': '0114', 'birthday_type': 'SOLAR', 'has_gender': True, 'gender_needs_agreement': False, 'gender': 'male'}}
AR86lpHxxVXjzHikBl
login
<Response [200]>
AAAANiLdQYq7N908PfXeN-St4BGIaBxnQpoEo7BHa1-0z-TIskmJmQpiI7dbmm4Bq3-KzOlTYCccG6jJfmzBBWKpqT8
86ptd0gQqXSDIjZUqO
login
<Response [200]>
AAAANiLdQYq7N908PfXeN-St4BGIaBxnQpoEo7BHa1-0z-TIskmJmQpiI7dbmm4Bq3-KzOlTYCccG6jJfmzBBWKpqT8
{'id': 2664269014, 'connected_at': '2023-02-13T07:19:28Z', 'properties': {'nickname': '안홍갑'}, 'kakao_account': {'profile_nickname_needs_agreement': False, 'profile': {'nickname': '안홍갑'}, 'has_email': True, 'email_needs_agreement': False, 'is_email_valid': True, 'is_email_verified': True, 'email': 'hg3804@naver.com', 'has_age_range': True, 'age_range_needs_agreement': False, 'age_range': '30~39', 'has_birthday': True, 'birthday_needs_agreement': False, 'birthday': '0114', 'birthday_type': 'SOLAR', 'has_gender': True, 'gender_needs_agreement': False, 'gender': 'male'}}
         min    max  time  day  population
3619    7000   7500     0    1        7250
3668    6000   6500     1    1        6250
3719    5000   5500     2    1        5250
3770    5000   5500     3    1        5250
3819    4500   5000     4    1        4750
...      ...    ...   ...  ...         ...
38169  24000  26000    19    1       25000
38219  20000  22000    20    1       21000
38269  16000  18000    21    1       17000
38319  12000  14000    22    1       13000
38369   8500   9000    23    1        8750

[120 rows x 5 columns]
--------------------------
3619      7250
3668      6250
3719      5250
3770      5250
3819      4750
         ...  
38169    25000
38219    21000
38269    17000
38319    13000
38369     8750
Name: population, Length: 120, dtype: int64
[7249, 6249, 5499, 5249, 4750, 4999, 5499, 8124, 12624, 15624, 18999, 21999, 26999, 28999, 28999, 29999, 27999, 26999, 25999, 19999, 16999, 13999, 10624, 7749]
        min   max  time  day  population
4812   1500  2000     0    2        1750
4862   1000  1500     1    2        1250
4912   1000  1500     2    2        1250
4962   1000  1500     3    2        1250
5012   1000  1500     4    2        1250
...     ...   ...   ...  ...         ...
39362  2500  3000    19    2        2750
39411  2000  2500    20    2        2250
39461  2000  2500    21    2        2250
39512  2000  2500    22    2        2250
39562  1500  2000    23    2        1750

[120 rows x 5 columns]
--------------------------
4812     1750
4862     1250
4912     1250
4962     1250
5012     1250
         ... 
39362    2750
39411    2250
39461    2250
39512    2250
39562    1750
Name: population, Length: 120, dtype: int64
[1750, 1499, 1250, 1250, 1250, 1250, 1750, 1999, 2749, 2749, 2499, 2749, 2499, 2999, 3249, 3499, 3749, 3249, 3000, 2499, 2250, 2499, 2250, 1750]
        min   max  time  day  population
2402    600   700     0    0         650
2452    600   700     1    0         650
2503    600   700     2    0         650
2552    600   700     3    0         650
2602    600   700     4    0         650
...     ...   ...   ...  ...         ...
54507  2500  3000    15    0        2750
54554  2500  3000    15    0        2750
54607  2500  3000    16    0        2750
54653  2000  2500    17    0        2250
54707  1500  2000    17    0        1750

[267 rows x 5 columns]
--------------------------
2402      650
2452      650
2503      650
2552      650
2602      650
         ... 
54507    2750
54554    2750
54607    2750
54653    2250
54707    1750
Name: population, Length: 267, dtype: int64
[650, 616, 583, 583, 583, 650, 849, 1249, 1249, 1250, 1916, 2250, 2500, 2500, 2583, 2583, 2250, 1916, 1250, 1250, 850, 800, 699, 699]
        min   max  time  day  population
4805   4500  5000     0    2        4750
4855   4000  4500     1    2        4250
4905   4000  4500     2    2        4250
4955   4000  4500     3    2        4250
5005   3500  4000     4    2        3750
...     ...   ...   ...  ...         ...
39355  9000  9500    19    2        9250
39407  8000  8500    20    2        8250
39460  6500  7000    21    2        6750
39505  6000  6500    22    2        6250
39559  5000  5500    23    2        5250

[120 rows x 5 columns]
--------------------------
4805     4750
4855     4250
4905     4250
4955     4250
5005     3750
         ... 
39355    9250
39407    8250
39460    6750
39505    6250
39559    5250
Name: population, Length: 120, dtype: int64
[4750, 4499, 4250, 4250, 3999, 4250, 4250, 4749, 5749, 7249, 8249, 11000, 11999, 13000, 13999, 13999, 12999, 11999, 11999, 10124, 8499, 7249, 6250, 5250]
        min   max  time  day  population
3602    600   700     0    1         650
3653    600   700     1    1         650
3703    600   700     2    1         650
3752    600   700     3    1         650
3802    600   700     4    1         650
...     ...   ...   ...  ...         ...
38151  1000  1500    19    1        1250
38201   800   900    20    1         850
38251   700   800    21    1         750
38301   700   800    22    1         750
38351   700   800    23    1         750

[120 rows x 5 columns]
--------------------------
3602      650
3653      650
3703      650
3752      650
3802      650
         ... 
38151    1250
38201     850
38251     750
38301     750
38351     750
Name: population, Length: 120, dtype: int64
[650, 650, 650, 649, 650, 599, 749, 1049, 1099, 1250, 2499, 2999, 3749, 3999, 4499, 4499, 3749, 2749, 1999, 1499, 1049, 799, 750, 750]
       min  max  time  day  population
3600   400  500     0    1         450
3650   300  400     1    1         350
3700   300  400     2    1         350
3750   300  400     3    1         350
3800   300  400     4    1         350
...    ...  ...   ...  ...         ...
38150  600  700    19    1         650
38200  500  600    20    1         550
38250  500  600    21    1         550
38300  400  500    22    1         450
38350  300  400    23    1         350

[120 rows x 5 columns]
--------------------------
3600     450
3650     350
3700     350
3750     350
3800     350
        ... 
38150    650
38200    550
38250    550
38300    450
38350    350
Name: population, Length: 120, dtype: int64
[399, 350, 350, 350, 350, 350, 449, 499, 699, 850, 1250, 1250, 1250, 1250, 1250, 1499, 1499, 1099, 749, 749, 550, 499, 450, 449]
        min    max  time  day  population
3603   3000   3500     0    1        3250
3652   2500   3000     1    1        2750
3702   2500   3000     2    1        2750
3753   2500   3000     3    1        2750
3803   2500   3000     4    1        2750
...     ...    ...   ...  ...         ...
38154  9500  10000    19    1        9750
38203  7500   8000    20    1        7750
38253  6000   6500    21    1        6250
38303  5000   5500    22    1        5250
38353  4000   4500    23    1        4250

[120 rows x 5 columns]
--------------------------
3603     3250
3652     2750
3702     2750
3753     2750
3803     2750
         ... 
38154    9750
38203    7750
38253    6250
38303    5250
38353    4250
Name: population, Length: 120, dtype: int64
[3499, 2999, 2999, 2750, 2750, 2750, 2999, 4249, 5999, 7624, 9124, 9375, 11124, 11375, 12374, 12624, 11374, 11124, 9874, 7499, 6249, 5499, 4499, 3749]
        min   max  time  day  population
4803   3000  3500     0    2        3250
4852   2500  3000     1    2        2750
4902   2500  3000     2    2        2750
4953   2500  3000     3    2        2750
5003   2500  3000     4    2        2750
...     ...   ...   ...  ...         ...
39353  8500  9000    19    2        8750
39403  7000  7500    20    2        7250
39453  6000  6500    21    2        6250
39502  5000  5500    22    2        5250
39554  3500  4000    23    2        3750

[120 rows x 5 columns]
--------------------------
4803     3250
4852     2750
4902     2750
4953     2750
5003     2750
         ... 
39353    8750
39403    7250
39453    6250
39502    5250
39554    3750
Name: population, Length: 120, dtype: int64
[3499, 2999, 2999, 2750, 2750, 2750, 2999, 4249, 5999, 7874, 9374, 10374, 11874, 12374, 13999, 13999, 12999, 12999, 11374, 8999, 7250, 6499, 5499, 4499]
        min   max  time  day  population
3608   2000  2500     0    1        2250
3659   1500  2000     1    1        1750
3706   1000  1500     2    1        1250
3761   1000  1500     3    1        1250
3811   1000  1500     4    1        1250
...     ...   ...   ...  ...         ...
54860  1500  2000    10    1        1750
54910  1500  2000    11    1        1750
54960  1500  2000    12    1        1750
55010  1500  2000    13    1        1750
55060  1500  2000    14    1        1750

[126 rows x 5 columns]
--------------------------
3608     2250
3659     1750
3706     1250
3761     1250
3811     1250
         ... 
54860    1750
54910    1750
54960    1750
55010    1750
55060    1750
Name: population, Length: 126, dtype: int64
[2250, 1749, 1499, 1499, 1250, 1750, 1999, 2499, 2999, 3249, 3249, 2999, 2499, 2999, 3249, 2999, 3249, 2999, 3499, 3250, 2999, 2999, 2750, 2250]
         min    max  time  day  population
6006    5500   6000     0    3        5750
6056    5000   5500     1    3        5250
6109    5000   5500     2    3        5250
6157    4500   5000     3    3        4750
6208    4500   5000     4    3        4750
...      ...    ...   ...  ...         ...
40510  10000  12000    19    3       11000
40558   9500  10000    20    3        9750
40607   9000   9500    21    3        9250
40658   8000   8500    22    3        8250
40712   6500   7000    23    3        6750

[119 rows x 5 columns]
--------------------------
6006      5750
6056      5250
6109      5250
6157      4750
6208      4750
         ...  
40510    11000
40558     9750
40607     9250
40658     8250
40712     6750
Name: population, Length: 119, dtype: int64
[5750, 5250, 4999, 4750, 4750, 4750, 5499, 7249, 9874, 11874, 12374, 14999, 14000, 15999, 15999, 17000, 15999, 15000, 13999, 11000, 10999, 9250, 7750, 6499]
{'msg': 'this access token does not exist', 'code': -401}
{'msg': 'this access token does not exist', 'code': -401}
{'msg': 'this access token does not exist', 'code': -401}
{'id': 2664269014, 'connected_at': '2023-02-13T07:19:28Z', 'properties': {'nickname': '안홍갑'}, 'kakao_account': {'profile_nickname_needs_agreement': False, 'profile': {'nickname': '안홍갑'}, 'has_email': True, 'email_needs_agreement': False, 'is_email_valid': True, 'is_email_verified': True, 'email': 'hg3804@naver.com', 'has_age_range': True, 'age_range_needs_agreement': False, 'age_range': '30~39', 'has_birthday': True, 'birthday_needs_agreement': False, 'birthday': '0114', 'birthday_type': 'SOLAR', 'has_gender': True, 'gender_needs_agreement': False, 'gender': 'male'}}
{'id': 2664269014, 'connected_at': '2023-02-13T07:19:28Z', 'properties': {'nickname': '안홍갑'}, 'kakao_account': {'profile_nickname_needs_agreement': False, 'profile': {'nickname': '안홍갑'}, 'has_email': True, 'email_needs_agreement': False, 'is_email_valid': True, 'is_email_verified': True, 'email': 'hg3804@naver.com', 'has_age_range': True, 'age_range_needs_agreement': False, 'age_range': '30~39', 'has_birthday': True, 'birthday_needs_agreement': False, 'birthday': '0114', 'birthday_type': 'SOLAR', 'has_gender': True, 'gender_needs_agreement': False, 'gender': 'male'}}
         min    max  time  day  population
3606    5500   6000     0    1        5750
3656    5000   5500     1    1        5250
3709    5000   5500     2    1        5250
3757    4500   5000     3    1        4750
3808    4500   5000     4    1        4750
...      ...    ...   ...  ...         ...
55005  16000  18000    13    1       17000
55055  16000  18000    14    1       17000
55105  16000  18000    15    1       17000
55155  16000  18000    16    1       17000
55205  14000  16000    17    1       15000

[130 rows x 5 columns]
--------------------------
3606      5750
3656      5250
3709      5250
3757      4750
3808      4750
         ...  
55005    17000
55055    17000
55105    17000
55155    17000
55205    15000
Name: population, Length: 130, dtype: int64
[5750, 5250, 4999, 4750, 4750, 4750, 5499, 7249, 9874, 11874, 12374, 14999, 14000, 15999, 15999, 15999, 15999, 13999, 13999, 10124, 9624, 8499, 7249, 6499]
        min   max  time  day  population
7201   4000  4500     0    4        4250
7251   3500  4000     1    4        3750
7301   3000  3500     2    4        3250
7351   2500  3000     3    4        2750
7401   2500  3000     4    4        2750
...     ...   ...   ...  ...         ...
42328  7500  8000    21    4        7750
42378  6500  7000    22    4        6750
42428  6000  6500    22    4        6250
42478  5500  6000    23    4        5750
42528  5000  5500    23    4        5250

[132 rows x 5 columns]
--------------------------
7201     4250
7251     3750
7301     3250
7351     2750
7401     2750
         ... 
42328    7750
42378    6750
42428    6250
42478    5750
42528    5250
Name: population, Length: 132, dtype: int64
[4250, 3999, 3499, 2750, 2750, 3000, 3749, 4749, 6749, 8499, 9874, 11000, 11999, 13000, 13999, 13999, 13999, 13000, 11000, 9499, 8250, 7000, 6249, 4749]
         min    max  time  day  population
4809    3500   4000     0    2        3750
4857    3000   3500     1    2        3250
4908    2500   3000     2    2        2750
4960    2500   3000     3    2        2750
5010    2500   3000     4    2        2750
...      ...    ...   ...  ...         ...
55752   2500   3000     4    2        2750
55802   3000   3500     5    2        3250
55852   4000   4500     6    2        4250
55902   8000   8500     7    2        8250
55952  16000  18000     8    2       17000

[129 rows x 5 columns]
--------------------------
4809      3750
4857      3250
4908      2750
4960      2750
5010      2750
         ...  
55752     2750
55802     3250
55852     4250
55902     8250
55952    17000
Name: population, Length: 129, dtype: int64
[3750, 3250, 2749, 2750, 2750, 2999, 3999, 5999, 12124, 16875, 19125, 24999, 27999, 29999, 31999, 30999, 29999, 27999, 26999, 17999, 13999, 11374, 8249, 5250]
        min   max  time  day  population
4801   4000  4500     0    2        4250
4851   3500  4000     1    2        3750
4901   3000  3500     2    2        3250
4951   2500  3000     3    2        2750
5001   2500  3000     4    2        2750
...     ...   ...   ...  ...         ...
55754  3000  3500     4    2        3250
55804  3000  3500     5    2        3250
55854  4500  5000     6    2        4750
55904  6000  6500     7    2        6250
55954  8500  9000     8    2        8750

[129 rows x 5 columns]
--------------------------
4801     4250
4851     3750
4901     3250
4951     2750
5001     2750
         ... 
55754    3250
55804    3250
55854    4750
55904    6250
55954    8750
Name: population, Length: 129, dtype: int64
[4499, 3750, 3499, 2999, 2750, 2999, 4000, 4999, 6749, 7999, 9624, 11000, 13000, 13000, 14999, 14999, 14999, 14999, 11999, 10374, 8999, 7499, 6750, 4999]
        min   max  time  day  population
4803   3000  3500     0    2        3250
4852   2500  3000     1    2        2750
4902   2500  3000     2    2        2750
4953   2500  3000     3    2        2750
5003   2500  3000     4    2        2750
...     ...   ...   ...  ...         ...
55751  2500  3000     4    2        2750
55801  2500  3000     5    2        2750
55851  3000  3500     6    2        3250
55901  5000  5500     7    2        5250
55951  8500  9000     8    2        8750

[129 rows x 5 columns]
--------------------------
4803     3250
4852     2750
4902     2750
4953     2750
5003     2750
         ... 
55751    2750
55801    2750
55851    3250
55901    5250
55951    8750
Name: population, Length: 129, dtype: int64
[3499, 2999, 2999, 2750, 2750, 2750, 2999, 4249, 5999, 7874, 9374, 10374, 11874, 12374, 13999, 13999, 12999, 12999, 11374, 8999, 7250, 6499, 5499, 4499]
        min   max  time  day  population
7206   5500  6000     0    4        5750
7256   5000  5500     1    4        5250
7309   5000  5500     2    4        5250
7357   4500  5000     3    4        4750
7408   4500  5000     4    4        4750
...     ...   ...   ...  ...         ...
42335  8000  8500    21    4        8250
42383  7000  7500    22    4        7250
42433  7000  7500    22    4        7250
42483  6000  6500    23    4        6250
42534  6000  6500    23    4        6250

[132 rows x 5 columns]
--------------------------
7206     5750
7256     5250
7309     5250
7357     4750
7408     4750
         ... 
42335    8250
42383    7250
42433    7250
42483    6250
42534    6250
Name: population, Length: 132, dtype: int64
[5750, 5250, 4999, 4750, 4750, 4750, 5499, 7249, 9874, 11874, 12374, 14999, 14000, 15999, 16000, 15999, 15999, 13999, 13999, 10124, 9624, 8499, 7249, 6499]
         min    max  time  day  population
2409    3500   4000     0    0        3750
2460    3000   3500     1    0        3250
2510    2500   3000     2    0        2750
2559    2500   3000     3    0        2750
2610    2500   3000     4    0        2750
...      ...    ...   ...  ...         ...
54502  32000  34000    15    0       33000
54560  32000  34000    15    0       33000
54602  30000  32000    16    0       31000
54660  30000  32000    17    0       31000
54702  30000  32000    17    0       31000

[267 rows x 5 columns]
--------------------------
2409      3750
2460      3250
2510      2750
2559      2750
2610      2750
         ...  
54502    33000
54560    33000
54602    31000
54660    31000
54702    31000
Name: population, Length: 267, dtype: int64
[3249, 2916, 2582, 2582, 2750, 3249, 4582, 8749, 27999, 27000, 28999, 32999, 36999, 34999, 34332, 32999, 32999, 32332, 34999, 19999, 14999, 11999, 8249, 4999]
        min    max  time  day  population
3615   3500   4000     0    1        3750
3665   3500   4000     1    1        3750
3715   2500   3000     2    1        2750
3765   2500   3000     3    1        2750
3815   2500   3000     4    1        2750
...     ...    ...   ...  ...         ...
55317  9500  10000    19    1        9750
55367  8000   8500    20    1        8250
55417  7000   7500    21    1        7250
55467  5500   6000    22    1        5750
55517  4000   4500    23    1        4250

[136 rows x 5 columns]
--------------------------
3615     3750
3665     3750
3715     2750
3765     2750
3815     2750
         ... 
55317    9750
55367    8250
55417    7250
55467    5750
55517    4250
Name: population, Length: 136, dtype: int64
[5499, 4999, 4249, 3749, 3499, 3249, 3249, 3499, 4749, 5499, 6499, 7249, 8874, 9624, 11000, 11000, 11000, 11000, 10374, 9499, 8499, 6999, 5749, 4499]
         min    max  time  day  population
2420    7000   7500     0    0        7250
2475    5500   6000     1    0        5750
2520    5000   5500     2    0        5250
2572    4500   5000     3    0        4750
2625    4500   5000     4    0        4750
...      ...    ...   ...  ...         ...
54519  64000  66000    15    0       65000
54577  64000  66000    15    0       65000
54619  62000  64000    16    0       63000
54675  60000  62000    17    0       61000
54719  60000  62000    17    0       61000

[268 rows x 5 columns]
--------------------------
2420      7250
2475      5750
2520      5250
2572      4750
2625      4750
         ...  
54519    65000
54577    65000
54619    63000
54675    61000
54719    61000
Name: population, Length: 268, dtype: int64
[5249, 4249, 3916, 3749, 3583, 4582, 6582, 13666, 45249, 44999, 53665, 61999, 75999, 71999, 67665, 65665, 64999, 60999, 58999, 39999, 28999, 20999, 13999, 8499]
        min   max  time  day  population
2413   3500  4000     0    0        3750
2463   3500  4000     1    0        3750
2513   3500  4000     2    0        3750
2563   3500  4000     3    0        3750
2614   3500  4000     4    0        3750
...     ...   ...   ...  ...         ...
54515  3000  3500    15    0        3250
54565  3000  3500    15    0        3250
54615  3000  3500    16    0        3250
54665  3000  3500    17    0        3250
54715  3000  3500    17    0        3250

[267 rows x 5 columns]
--------------------------
2413     3750
2463     3750
2513     3750
2563     3750
2614     3750
         ... 
54515    3250
54565    3250
54615    3250
54665    3250
54715    3250
Name: population, Length: 267, dtype: int64
[3750, 3750, 3750, 3750, 3750, 3750, 3750, 3582, 3250, 3250, 3250, 2750, 2750, 2750, 3083, 3083, 3250, 3250, 3499, 3499, 3750, 3750, 3750, 3750]
        min   max  time  day  population
4813   3500  4000     0    2        3750
4863   3500  4000     1    2        3750
4913   3500  4000     2    2        3750
4963   3500  4000     3    2        3750
5013   3500  4000     4    2        3750
...     ...   ...   ...  ...         ...
55765  3500  4000     4    2        3750
55815  3500  4000     5    2        3750
55865  3500  4000     6    2        3750
55915  3000  3500     7    2        3250
55965  3000  3500     8    2        3250

[129 rows x 5 columns]
--------------------------
4813     3750
4863     3750
4913     3750
4963     3750
5013     3750
         ... 
55765    3750
55815    3750
55865    3750
55915    3250
55965    3250
Name: population, Length: 129, dtype: int64
[3750, 3750, 3749, 3750, 3750, 3750, 3750, 3749, 3749, 3499, 3499, 3249, 3249, 3249, 3499, 3249, 3499, 3499, 3499, 3499, 3750, 3750, 3750, 3750]
        min   max  time  day  population
1213   3500  4000     0    6        3750
1263   3500  4000     1    6        3750
1313   3500  4000     2    6        3750
1362   3500  4000     3    6        3750
1412   3500  4000     4    6        3750
...     ...   ...   ...  ...         ...
47134  3500  4000    21    6        3750
47184  3500  4000    22    6        3750
47234  3500  4000    22    6        3750
47284  3500  4000    23    6        3750
47334  3500  4000    23    6        3750

[168 rows x 5 columns]
--------------------------
1213     3750
1263     3750
1313     3750
1362     3750
1412     3750
         ... 
47134    3750
47184    3750
47234    3750
47284    3750
47334    3750
Name: population, Length: 168, dtype: int64
[3750, 3750, 3750, 3750, 3750, 3750, 3750, 3750, 3582, 3416, 3416, 3083, 3083, 3083, 3416, 3416, 3583, 3416, 3582, 3582, 3916, 3916, 3750, 3750]
         min    max  time  day  population
2446   12000  14000     0    0       13000
2496   10000  12000     1    0       11000
2546   10000  12000     2    0       11000
2597    9500  10000     3    0        9750
2647    9000   9500     4    0        9250
...      ...    ...   ...  ...         ...
54548  12000  14000    15    0       13000
54600  12000  14000    15    0       13000
54648  12000  14000    16    0       13000
54696  12000  14000    17    0       13000
54748  12000  14000    17    0       13000

[268 rows x 5 columns]
--------------------------
2446     13000
2496     11000
2546     11000
2597      9750
2647      9250
         ...  
54548    13000
54600    13000
54648    13000
54696    13000
54748    13000
Name: population, Length: 268, dtype: int64
[9416, 8916, 8749, 7916, 6916, 6749, 7583, 9415, 11249, 10999, 9666, 10375, 11000, 11000, 11666, 13000, 13000, 13000, 15999, 17000, 16000, 15000, 14000, 12000]
         min    max  time  day  population
45      9000   9500     0    5        9250
96      8500   9000     1    5        8750
147     8000   8500     2    5        8250
196     7500   8000     3    5        7750
247     6000   6500     4    5        6250
...      ...    ...   ...  ...         ...
44768  18000  20000    21    5       19000
44820  16000  18000    22    5       17000
44868  14000  16000    22    5       15000
44919  14000  16000    23    5       15000
44968  14000  16000    23    5       15000

[168 rows x 5 columns]
--------------------------
45        9250
96        8750
147       8250
196       7750
247       6250
         ...  
44768    19000
44820    17000
44868    15000
44919    15000
44968    15000
Name: population, Length: 168, dtype: int64
[11915, 10415, 10415, 9249, 8582, 7582, 7916, 8249, 9999, 10166, 11666, 12332, 12999, 13666, 14332, 14999, 15666, 15666, 16999, 18332, 18332, 16999, 16332, 14332]
         min    max  time  day  population
1247   12000  14000     0    6       13000
1294   12000  14000     1    6       13000
1348   10000  12000     2    6       11000
1398   10000  12000     3    6       11000
1446    9000   9500     4    6        9250
...      ...    ...   ...  ...         ...
47167  12000  14000    21    6       13000
47217  12000  14000    22    6       13000
47267  10000  12000    22    6       11000
47317  10000  12000    23    6       11000
47367  10000  12000    23    6       11000

[168 rows x 5 columns]
--------------------------
1247     13000
1294     13000
1348     11000
1398     11000
1446      9250
         ...  
47167    13000
47217    13000
47267    11000
47317    11000
47367    11000
Name: population, Length: 168, dtype: int64
[10666, 10332, 9499, 8583, 7583, 6916, 7583, 8749, 11249, 10249, 9832, 10582, 11666, 11666, 12333, 13666, 13666, 13666, 16332, 16332, 15666, 14999, 13666, 11666]
         min    max  time  day  population
2438    1500   2000     0    0        1750
2489    1000   1500     1    0        1250
2540    1000   1500     2    0        1250
2589    1000   1500     3    0        1250
2639    1000   1500     4    0        1250
...      ...    ...   ...  ...         ...
54538  22000  24000    15    0       23000
54589  22000  24000    15    0       23000
54638  20000  22000    16    0       21000
54688  20000  22000    17    0       21000
54738  20000  22000    17    0       21000

[268 rows x 5 columns]
--------------------------
2438      1750
2489      1250
2540      1250
2589      1250
2639      1250
         ...  
54538    23000
54589    23000
54638    21000
54688    21000
54738    21000
Name: population, Length: 268, dtype: int64
[1582, 1250, 1250, 1250, 1250, 1582, 2249, 4582, 16249, 17749, 20332, 21999, 21999, 22999, 22999, 22999, 20999, 20999, 15999, 10124, 6749, 4749, 3499, 2250]
        min   max  time  day  population
1238   1500  2000     0    6        1750
1289   1000  1500     1    6        1250
1339   1000  1500     2    6        1250
1389   1000  1500     3    6        1250
1440   1000  1500     4    6        1250
...     ...   ...   ...  ...         ...
47161  2000  2500    21    6        2250
47210  2000  2500    22    6        2250
47260  2000  2500    22    6        2250
47309  1500  2000    23    6        1750
47360  1500  2000    23    6        1750

[168 rows x 5 columns]
--------------------------
1238     1750
1289     1250
1339     1250
1389     1250
1440     1250
         ... 
47161    2250
47210    2250
47260    2250
47309    1750
47360    1750
Name: population, Length: 168, dtype: int64
[1582, 1250, 1250, 1250, 1250, 1416, 2082, 3749, 7666, 13082, 14749, 16249, 16749, 17582, 17416, 17582, 16082, 16082, 12416, 8332, 5916, 4082, 3082, 2082]
        min   max  time  day  population
38     1000  1500     0    5        1250
90     1000  1500     1    5        1250
139    1000  1500     2    5        1250
188    1000  1500     3    5        1250
239    1000  1500     4    5        1250
...     ...   ...   ...  ...         ...
44759  3500  4000    21    5        3750
44809  3000  3500    22    5        3250
44859  2500  3000    22    5        2750
44910  2000  2500    23    5        2250
44959  2000  2500    23    5        2250

[168 rows x 5 columns]
--------------------------
38       1250
90       1250
139      1250
188      1250
239      1250
         ... 
44759    3750
44809    3250
44859    2750
44910    2250
44959    2250
Name: population, Length: 168, dtype: int64
[1749, 1250, 1250, 1250, 1250, 1416, 1916, 2749, 5249, 8499, 9666, 11333, 12333, 13666, 13332, 13999, 12999, 12999, 10666, 8166, 6083, 4583, 3416, 2250]
         min    max  time  day  population
2441    3500   4000     0    0        3750
2491    2500   3000     1    0        2750
2541    2000   2500     2    0        2250
2591    2000   2500     3    0        2250
2641    1500   2000     4    0        1750
...      ...    ...   ...  ...         ...
54544  16000  18000    15    0       17000
54592  16000  18000    15    0       17000
54644  14000  16000    16    0       15000
54692  16000  18000    17    0       17000
54744  16000  18000    17    0       17000

[268 rows x 5 columns]
--------------------------
2441      3750
2491      2750
2541      2250
2591      2250
2641      1750
         ...  
54544    17000
54592    17000
54644    15000
54692    17000
54744    17000
Name: population, Length: 268, dtype: int64
[2916, 2416, 2416, 1916, 1916, 2250, 2916, 4915, 12749, 12249, 14332, 14999, 17999, 16999, 16999, 16999, 16999, 16999, 18999, 14999, 10999, 9249, 7499, 4749]
        min   max  time  day  population
1241   2500  3000     0    6        2750
1292   2500  3000     1    6        2750
1341   2000  2500     2    6        2250
1392   1500  2000     3    6        1750
1441   1500  2000     4    6        1750
...     ...   ...   ...  ...         ...
47162  4500  5000    21    6        4750
47213  4000  4500    22    6        4250
47262  3500  4000    22    6        3750
47312  3000  3500    23    6        3250
47363  2500  3000    23    6        2750

[168 rows x 5 columns]
--------------------------
1241     2750
1292     2750
1341     2250
1392     1750
1441     1750
         ... 
47162    4750
47213    4250
47262    3750
47312    3250
47363    2750
Name: population, Length: 168, dtype: int64
[3083, 2416, 2416, 1916, 1916, 2082, 2749, 4082, 8416, 10415, 11249, 12749, 14583, 14249, 13916, 13749, 13916, 13916, 15249, 12416, 9416, 7916, 6416, 4249]
        min   max  time  day  population
4800    400   500     0    2         450
4850    300   400     1    2         350
4900    300   400     2    2         350
4950    300   400     3    2         350
5000    300   400     4    2         350
...     ...   ...   ...  ...         ...
55956   700   800     8    2         750
56006  1000  1500     9    2        1250
56056  1000  1500    10    2        1250
56106  1000  1500    11    2        1250
56156  1000  1500    12    2        1250

[133 rows x 5 columns]
--------------------------
4800      450
4850      350
4900      350
4950      350
5000      350
         ... 
55956     750
56006    1250
56056    1250
56106    1250
56156    1250
Name: population, Length: 133, dtype: int64
[399, 350, 349, 350, 349, 350, 449, 549, 649, 850, 1250, 1250, 1250, 1499, 1499, 1499, 1499, 1349, 1049, 799, 649, 550, 450, 449]
{'id': 2664269014, 'connected_at': '2023-02-13T07:19:28Z', 'properties': {'nickname': '안홍갑'}, 'kakao_account': {'profile_nickname_needs_agreement': False, 'profile': {'nickname': '안홍갑'}, 'has_email': True, 'email_needs_agreement': False, 'is_email_valid': True, 'is_email_verified': True, 'email': 'hg3804@naver.com', 'has_age_range': True, 'age_range_needs_agreement': False, 'age_range': '30~39', 'has_birthday': True, 'birthday_needs_agreement': False, 'birthday': '0114', 'birthday_type': 'SOLAR', 'has_gender': True, 'gender_needs_agreement': False, 'gender': 'male'}}
join.html
join.html
{'id': 2664269014, 'connected_at': '2023-02-13T07:19:28Z', 'properties': {'nickname': '안홍갑'}, 'kakao_account': {'profile_nickname_needs_agreement': False, 'profile': {'nickname': '안홍갑'}, 'has_email': True, 'email_needs_agreement': False, 'is_email_valid': True, 'is_email_verified': True, 'email': 'hg3804@naver.com', 'has_age_range': True, 'age_range_needs_agreement': False, 'age_range': '30~39', 'has_birthday': True, 'birthday_needs_agreement': False, 'birthday': '0114', 'birthday_type': 'SOLAR', 'has_gender': True, 'gender_needs_agreement': False, 'gender': 'male'}}
{'id': 2664269014, 'connected_at': '2023-02-13T07:19:28Z', 'properties': {'nickname': '안홍갑'}, 'kakao_account': {'profile_nickname_needs_agreement': False, 'profile': {'nickname': '안홍갑'}, 'has_email': True, 'email_needs_agreement': False, 'is_email_valid': True, 'is_email_verified': True, 'email': 'hg3804@naver.com', 'has_age_range': True, 'age_range_needs_agreement': False, 'age_range': '30~39', 'has_birthday': True, 'birthday_needs_agreement': False, 'birthday': '0114', 'birthday_type': 'SOLAR', 'has_gender': True, 'gender_needs_agreement': False, 'gender': 'male'}}
